<?xml version="1.0" encoding="UTF-8"?>
<testsuite xmlns:xsi="http://www.w3.org/2001/XMLSchema-instance" xsi:noNamespaceSchemaLocation="https://maven.apache.org/surefire/maven-surefire-plugin/xsd/surefire-test-report.xsd" name="com.corelogic.clp.starters.AppTest" time="0.05" tests="1" errors="0" skipped="0" failures="0">
  <properties>
    <property name="sun.desktop" value="windows"/>
    <property name="awt.toolkit" value="sun.awt.windows.WToolkit"/>
    <property name="file.encoding.pkg" value="sun.io"/>
    <property name="java.specification.version" value="1.8"/>
    <property name="sun.cpu.isalist" value="amd64"/>
    <property name="sun.jnu.encoding" value="Cp1252"/>
    <property name="java.class.path" value="C:\CLGX\clp-config-starter-stub\target\test-classes;C:\CLGX\clp-config-starter-stub\target\classes;C:\Users\Dell 3\.m2\repository\junit\junit\4.11\junit-4.11.jar;C:\Users\Dell 3\.m2\repository\org\hamcrest\hamcrest-core\1.3\hamcrest-core-1.3.jar;"/>
    <property name="java.vm.vendor" value="Oracle Corporation"/>
    <property name="sun.arch.data.model" value="64"/>
    <property name="user.variant" value=""/>
    <property name="java.vendor.url" value="http://java.oracle.com/"/>
    <property name="user.timezone" value="Africa/Harare"/>
    <property name="java.vm.specification.version" value="1.8"/>
    <property name="os.name" value="Windows 10"/>
    <property name="user.country" value="US"/>
    <property name="sun.java.launcher" value="SUN_STANDARD"/>
    <property name="sun.boot.library.path" value="C:\Program Files\Java\jdk1.8.0_271\jre\bin"/>
    <property name="sun.java.command" value="C:\Users\DELL3~1\AppData\Local\Temp\surefire8220385530074745870\surefirebooter81268863748901977.jar C:\Users\Dell 3\AppData\Local\Temp\surefire8220385530074745870 2021-02-20T17-18-51_226-jvmRun1 surefire6715515027717162115tmp surefire_08670321821322121594tmp"/>
    <property name="surefire.test.class.path" value="C:\CLGX\clp-config-starter-stub\target\test-classes;C:\CLGX\clp-config-starter-stub\target\classes;C:\Users\Dell 3\.m2\repository\junit\junit\4.11\junit-4.11.jar;C:\Users\Dell 3\.m2\repository\org\hamcrest\hamcrest-core\1.3\hamcrest-core-1.3.jar;"/>
    <property name="sun.cpu.endian" value="little"/>
    <property name="user.home" value="C:\Users\Dell 3"/>
    <property name="user.language" value="en"/>
    <property name="java.specification.vendor" value="Oracle Corporation"/>
    <property name="java.home" value="C:\Program Files\Java\jdk1.8.0_271\jre"/>
    <property name="basedir" value="C:\CLGX\clp-config-starter-stub"/>
    <property name="file.separator" value="\"/>
    <property name="line.separator" value="&#10;"/>
    <property name="java.vm.specification.vendor" value="Oracle Corporation"/>
    <property name="java.specification.name" value="Java Platform API Specification"/>
    <property name="java.awt.graphicsenv" value="sun.awt.Win32GraphicsEnvironment"/>
    <property name="surefire.real.class.path" value="C:\Users\DELL3~1\AppData\Local\Temp\surefire8220385530074745870\surefirebooter81268863748901977.jar"/>
    <property name="sun.boot.class.path" value="C:\Program Files\Java\jdk1.8.0_271\jre\lib\resources.jar;C:\Program Files\Java\jdk1.8.0_271\jre\lib\rt.jar;C:\Program Files\Java\jdk1.8.0_271\jre\lib\sunrsasign.jar;C:\Program Files\Java\jdk1.8.0_271\jre\lib\jsse.jar;C:\Program Files\Java\jdk1.8.0_271\jre\lib\jce.jar;C:\Program Files\Java\jdk1.8.0_271\jre\lib\charsets.jar;C:\Program Files\Java\jdk1.8.0_271\jre\lib\jfr.jar;C:\Program Files\Java\jdk1.8.0_271\jre\classes"/>
    <property name="user.script" value=""/>
    <property name="sun.management.compiler" value="HotSpot 64-Bit Tiered Compilers"/>
    <property name="java.runtime.version" value="1.8.0_271-b09"/>
    <property name="user.name" value="Dell 3"/>
    <property name="path.separator" value=";"/>
    <property name="os.version" value="10.0"/>
    <property name="java.endorsed.dirs" value="C:\Program Files\Java\jdk1.8.0_271\jre\lib\endorsed"/>
    <property name="java.runtime.name" value="Java(TM) SE Runtime Environment"/>
    <property name="file.encoding" value="Cp1252"/>
    <property name="java.vm.name" value="Java HotSpot(TM) 64-Bit Server VM"/>
    <property name="localRepository" value="C:\Users\Dell 3\.m2\repository"/>
    <property name="java.vendor.url.bug" value="http://bugreport.sun.com/bugreport/"/>
    <property name="java.io.tmpdir" value="C:\Users\DELL3~1\AppData\Local\Temp\"/>
    <property name="java.version" value="1.8.0_271"/>
    <property name="user.dir" value="C:\CLGX\clp-config-starter-stub"/>
    <property name="os.arch" value="amd64"/>
    <property name="java.vm.specification.name" value="Java Virtual Machine Specification"/>
    <property name="java.awt.printerjob" value="sun.awt.windows.WPrinterJob"/>
    <property name="sun.os.patch.level" value=""/>
    <property name="java.library.path" value="C:\Program Files\Java\jdk1.8.0_271\jre\bin;C:\WINDOWS\Sun\Java\bin;C:\WINDOWS\system32;C:\WINDOWS;C:\Program Files\Java\jdk-13.0.2\bin;C:\Program Files (x86)\Common Files\Intel\Shared Libraries\redist\intel64\compiler;C:\Program Files (x86)\Common Files\Oracle\Java\javapath;C:\Program Files\Microsoft MPI\Bin\;C:\Windows\system32;C:\Windows;C:\Windows\System32\Wbem;C:\Windows\System32\WindowsPowerShell\v1.0\;C:\Windows\System32\OpenSSH\;C:\Program Files\Microsoft SQL Server\130\Tools\Binn\;C:\Program Files\Microsoft SQL Server\Client SDK\ODBC\170\Tools\Binn\;C:\Program Files (x86)\Microsoft SQL Server\150\DTS\Binn\;C:\webdriver;C:\Program Files (x86)\Microsoft SQL Server\150\Tools\Binn\;C:\Program Files\Microsoft SQL Server\150\Tools\Binn\;C:\Program Files\Microsoft SQL Server\150\DTS\Binn\;C:\Program Files (x86)\Graphviz2.38\bin;C:\Program Files\apache-zookeeper-3.6.0-bin\bin;C:\Program Files (x86)\scala\bin;C:\Apache\kafka_2.11-2.4.1\bin\windows;C:\Program Files\MongoDB\Server\4.2\bin;C:\Program Files\spring-cli\bin;C:\composer;C:\confluent-5.4.1\bin\windows;C:\Program Files\Cloud Foundry;C:\Program Files\Git\cmd;C:\Program Files\Kubernetes\Minikube;C:\Program Files\terraform_0.12.26_windows_amd64;C:\Program Files\PuTTY\;C:\Program Files (x86)\MSBuild\14.0\Bin;C:\Program Files\Microsoft SQL Server\120\Tools\Binn\;C:\Program Files\dotnet\;C:\MinGW\bin;C:\WINDOWS\system32;C:\WINDOWS;C:\WINDOWS\System32\Wbem;C:\WINDOWS\System32\WindowsPowerShell\v1.0\;C:\WINDOWS\System32\OpenSSH\;C:\Program Files (x86)\dotnet\;C:\Program Files\nodejs\;C:\Program Files (x86)\Yarn\bin\;C:\Program Files\Docker\Docker\resources\bin;C:\ProgramData\DockerDesktop\version-bin;C:\MinGW\mingw32\bin;C:\Applications\Scoop\shims;C:\Users\Public\anaconda;C:\Users\Public\anaconda\Library\usr\bin;C:\Users\Public\anaconda\Library\bin;C:\Users\Public\anaconda\Scripts;C:\Users\Dell 3\AppData\Local\Programs\Python\Python36\Scripts\;C:\Users\Dell 3\AppData\Local\Programs\Python\Python36\;C:\Users\Dell 3\AppData\Local\Microsoft\WindowsApps;C:\Users\Dell 3\AppData\Local\Programs\Microsoft VS Code\bin;C:\Program Files (x86)\Graphviz2.38\bin;C:\Users\Dell 3\.dotnet\tools;C:\Program Files\apache-maven-3.6.3\bin;C:\Program Files\JetBrains\IntelliJ IDEA Community Edition 2019.3.4\bin;C:\ngrok;C:\Program Files\heroku\bin;C:\Program Files\MongoDB\Server\4.2\bin;C:\Program Files\spring-cli\bin;C:\Program Files\JetBrains\IntelliJ IDEA 2019.1\bin;C:\php-7.4.5;C:\Users\Dell 3\AppData\Roaming\Composer\vendor\bin;C:\flutter\bin;C:\confluent-5.4.1\bin\windows;C:\Users\Dell 3\AppData\Local\GitHubDesktop\bin;C:\Users\Dell 3\AppData\Local\Google\Cloud SDK\google-cloud-sdk\bin;C:\Users\Dell 3\OneDrive\Documents\sonarqube\bin\windows-x86-64;C:\Program Files\terraform_0.12.26_windows_amd64;C:\Users\Dell 3\AppData\Local\Programs\Fiddler;C:\Users\Dell 3\.dotnet\tools;C:\Users\Dell 3\AppData\Local\Microsoft\WindowsApps;C:\Users\Dell 3\AppData\Roaming\npm;C:\Users\Dell 3\AppData\Local\Yarn\bin;C:\Program Files\mingw-w64\x86_64-8.1.0-win32-seh-rt_v6-rev0\mingw64\bin;;C:\Program Files\JetBrains\IntelliJ IDEA 2020.2.4\bin;;."/>
    <property name="java.vm.info" value="mixed mode"/>
    <property name="java.vendor" value="Oracle Corporation"/>
    <property name="java.vm.version" value="25.271-b09"/>
    <property name="java.ext.dirs" value="C:\Program Files\Java\jdk1.8.0_271\jre\lib\ext;C:\WINDOWS\Sun\Java\lib\ext"/>
    <property name="sun.io.unicode.encoding" value="UnicodeLittle"/>
    <property name="java.class.version" value="52.0"/>
  </properties>
  <testcase name="shouldAnswerWithTrue" classname="com.corelogic.clp.starters.AppTest" time="0.003"/>
</testsuite>